INFO:apscheduler.scheduler:Added job "job_function (trigger: interval[0:00:02], next run at: 2014-01-18 16:08:48.444777)" to job store "default"
INFO:apscheduler.scheduler:Scheduler started
INFO:apscheduler.scheduler:Running job "job_function (trigger: interval[0:00:02], next run at: 2014-01-18 16:08:48.444777)" (scheduled at 2014-01-18 16:08:48.444777)
WARNING:apscheduler.scheduler:Execution of job "job_function (trigger: interval[0:00:02], next run at: 2014-01-18 16:08:50.444777)" skipped: maximum number of running instances reached (1)
WARNING:apscheduler.scheduler:Execution of job "job_function (trigger: interval[0:00:02], next run at: 2014-01-18 16:08:52.444777)" skipped: maximum number of running instances reached (1)
INFO:apscheduler.scheduler:Job "job_function (trigger: interval[0:00:02], next run at: 2014-01-18 16:08:54.444777)" executed successfully
INFO:apscheduler.scheduler:Running job "job_function (trigger: interval[0:00:02], next run at: 2014-01-18 16:08:54.444777)" (scheduled at 2014-01-18 16:08:54.444777)
WARNING:apscheduler.scheduler:Execution of job "job_function (trigger: interval[0:00:02], next run at: 2014-01-18 16:08:56.444777)" skipped: maximum number of running instances reached (1)
WARNING:apscheduler.scheduler:Execution of job "job_function (trigger: interval[0:00:02], next run at: 2014-01-18 16:08:58.444777)" skipped: maximum number of running instances reached (1)
INFO:apscheduler.scheduler:Job "job_function (trigger: interval[0:00:02], next run at: 2014-01-18 16:09:00.444777)" executed successfully
INFO:apscheduler.scheduler:Running job "job_function (trigger: interval[0:00:02], next run at: 2014-01-18 16:09:00.444777)" (scheduled at 2014-01-18 16:09:00.444777)
WARNING:apscheduler.scheduler:Execution of job "job_function (trigger: interval[0:00:02], next run at: 2014-01-18 16:09:02.444777)" skipped: maximum number of running instances reached (1)
WARNING:apscheduler.scheduler:Execution of job "job_function (trigger: interval[0:00:02], next run at: 2014-01-18 16:09:04.444777)" skipped: maximum number of running instances reached (1)
INFO:apscheduler.scheduler:Job "job_function (trigger: interval[0:00:02], next run at: 2014-01-18 16:09:06.444777)" executed successfully
INFO:apscheduler.scheduler:Running job "job_function (trigger: interval[0:00:02], next run at: 2014-01-18 16:09:06.444777)" (scheduled at 2014-01-18 16:09:06.444777)
WARNING:apscheduler.scheduler:Execution of job "job_function (trigger: interval[0:00:02], next run at: 2014-01-18 16:09:08.444777)" skipped: maximum number of running instances reached (1)
WARNING:apscheduler.scheduler:Execution of job "job_function (trigger: interval[0:00:02], next run at: 2014-01-18 16:09:10.444777)" skipped: maximum number of running instances reached (1)
INFO:apscheduler.scheduler:Job "job_function (trigger: interval[0:00:02], next run at: 2014-01-18 16:09:12.444777)" executed successfully
INFO:apscheduler.scheduler:Running job "job_function (trigger: interval[0:00:02], next run at: 2014-01-18 16:09:12.444777)" (scheduled at 2014-01-18 16:09:12.444777)
WARNING:apscheduler.scheduler:Execution of job "job_function (trigger: interval[0:00:02], next run at: 2014-01-18 16:09:14.444777)" skipped: maximum number of running instances reached (1)
WARNING:apscheduler.scheduler:Execution of job "job_function (trigger: interval[0:00:02], next run at: 2014-01-18 16:09:16.444777)" skipped: maximum number of running instances reached (1)
INFO:apscheduler.scheduler:Job "job_function (trigger: interval[0:00:02], next run at: 2014-01-18 16:09:18.444777)" executed successfully
INFO:apscheduler.scheduler:Running job "job_function (trigger: interval[0:00:02], next run at: 2014-01-18 16:09:18.444777)" (scheduled at 2014-01-18 16:09:18.444777)
WARNING:apscheduler.scheduler:Execution of job "job_function (trigger: interval[0:00:02], next run at: 2014-01-18 16:09:22.444777)" skipped: maximum number of running instances reached (1)
WARNING:apscheduler.scheduler:Execution of job "job_function (trigger: interval[0:00:02], next run at: 2014-01-18 16:09:22.444777)" skipped: maximum number of running instances reached (1)
INFO:apscheduler.scheduler:Job "job_function (trigger: interval[0:00:02], next run at: 2014-01-18 16:09:24.444777)" executed successfully
INFO:apscheduler.scheduler:Running job "job_function (trigger: interval[0:00:02], next run at: 2014-01-18 16:09:24.444777)" (scheduled at 2014-01-18 16:09:24.444777)
WARNING:apscheduler.scheduler:Execution of job "job_function (trigger: interval[0:00:02], next run at: 2014-01-18 16:09:26.444777)" skipped: maximum number of running instances reached (1)
WARNING:apscheduler.scheduler:Execution of job "job_function (trigger: interval[0:00:02], next run at: 2014-01-18 16:09:30.444777)" skipped: maximum number of running instances reached (1)
INFO:apscheduler.scheduler:Job "job_function (trigger: interval[0:00:02], next run at: 2014-01-18 16:09:30.444777)" executed successfully
INFO:apscheduler.scheduler:Running job "job_function (trigger: interval[0:00:02], next run at: 2014-01-18 16:09:30.444777)" (scheduled at 2014-01-18 16:09:30.444777)
WARNING:apscheduler.scheduler:Execution of job "job_function (trigger: interval[0:00:02], next run at: 2014-01-18 16:09:32.444777)" skipped: maximum number of running instances reached (1)
WARNING:apscheduler.scheduler:Execution of job "job_function (trigger: interval[0:00:02], next run at: 2014-01-18 16:09:34.444777)" skipped: maximum number of running instances reached (1)
INFO:apscheduler.scheduler:Job "job_function (trigger: interval[0:00:02], next run at: 2014-01-18 16:09:36.444777)" executed successfully
INFO:apscheduler.scheduler:Running job "job_function (trigger: interval[0:00:02], next run at: 2014-01-18 16:09:36.444777)" (scheduled at 2014-01-18 16:09:36.444777)
WARNING:apscheduler.scheduler:Execution of job "job_function (trigger: interval[0:00:02], next run at: 2014-01-18 16:09:38.444777)" skipped: maximum number of running instances reached (1)
WARNING:apscheduler.scheduler:Execution of job "job_function (trigger: interval[0:00:02], next run at: 2014-01-18 16:09:40.444777)" skipped: maximum number of running instances reached (1)
INFO:apscheduler.scheduler:Job "job_function (trigger: interval[0:00:02], next run at: 2014-01-18 16:09:42.444777)" executed successfully
INFO:apscheduler.scheduler:Running job "job_function (trigger: interval[0:00:02], next run at: 2014-01-18 16:09:42.444777)" (scheduled at 2014-01-18 16:09:42.444777)
WARNING:apscheduler.scheduler:Execution of job "job_function (trigger: interval[0:00:02], next run at: 2014-01-18 16:09:44.444777)" skipped: maximum number of running instances reached (1)
WARNING:apscheduler.scheduler:Execution of job "job_function (trigger: interval[0:00:02], next run at: 2014-01-18 16:09:46.444777)" skipped: maximum number of running instances reached (1)
INFO:apscheduler.scheduler:Job "job_function (trigger: interval[0:00:02], next run at: 2014-01-18 16:09:48.444777)" executed successfully
INFO:apscheduler.scheduler:Running job "job_function (trigger: interval[0:00:02], next run at: 2014-01-18 16:09:48.444777)" (scheduled at 2014-01-18 16:09:48.444777)
WARNING:apscheduler.scheduler:Execution of job "job_function (trigger: interval[0:00:02], next run at: 2014-01-18 16:09:52.444777)" skipped: maximum number of running instances reached (1)
WARNING:apscheduler.scheduler:Execution of job "job_function (trigger: interval[0:00:02], next run at: 2014-01-18 16:09:52.444777)" skipped: maximum number of running instances reached (1)
INFO:apscheduler.scheduler:Job "job_function (trigger: interval[0:00:02], next run at: 2014-01-18 16:09:54.444777)" executed successfully
INFO:apscheduler.scheduler:Running job "job_function (trigger: interval[0:00:02], next run at: 2014-01-18 16:09:54.444777)" (scheduled at 2014-01-18 16:09:54.444777)
WARNING:apscheduler.scheduler:Execution of job "job_function (trigger: interval[0:00:02], next run at: 2014-01-18 16:09:56.444777)" skipped: maximum number of running instances reached (1)
WARNING:apscheduler.scheduler:Execution of job "job_function (trigger: interval[0:00:02], next run at: 2014-01-18 16:09:58.444777)" skipped: maximum number of running instances reached (1)
INFO:apscheduler.scheduler:Job "job_function (trigger: interval[0:00:02], next run at: 2014-01-18 16:10:00.444777)" executed successfully
INFO:apscheduler.scheduler:Running job "job_function (trigger: interval[0:00:02], next run at: 2014-01-18 16:10:00.444777)" (scheduled at 2014-01-18 16:10:00.444777)
WARNING:apscheduler.scheduler:Execution of job "job_function (trigger: interval[0:00:02], next run at: 2014-01-18 16:10:04.444777)" skipped: maximum number of running instances reached (1)
WARNING:apscheduler.scheduler:Execution of job "job_function (trigger: interval[0:00:02], next run at: 2014-01-18 16:10:04.444777)" skipped: maximum number of running instances reached (1)
INFO:apscheduler.scheduler:Job "job_function (trigger: interval[0:00:02], next run at: 2014-01-18 16:10:06.444777)" executed successfully
INFO:apscheduler.scheduler:Running job "job_function (trigger: interval[0:00:02], next run at: 2014-01-18 16:10:08.444777)" (scheduled at 2014-01-18 16:10:06.444777)
WARNING:apscheduler.scheduler:Execution of job "job_function (trigger: interval[0:00:02], next run at: 2014-01-18 16:10:10.444777)" skipped: maximum number of running instances reached (1)
WARNING:apscheduler.scheduler:Execution of job "job_function (trigger: interval[0:00:02], next run at: 2014-01-18 16:10:10.444777)" skipped: maximum number of running instances reached (1)
INFO:apscheduler.scheduler:Job "job_function (trigger: interval[0:00:02], next run at: 2014-01-18 16:10:12.444777)" executed successfully
INFO:apscheduler.scheduler:Running job "job_function (trigger: interval[0:00:02], next run at: 2014-01-18 16:10:14.444777)" (scheduled at 2014-01-18 16:10:12.444777)
WARNING:apscheduler.scheduler:Execution of job "job_function (trigger: interval[0:00:02], next run at: 2014-01-18 16:10:14.444777)" skipped: maximum number of running instances reached (1)
WARNING:apscheduler.scheduler:Execution of job "job_function (trigger: interval[0:00:02], next run at: 2014-01-18 16:10:16.444777)" skipped: maximum number of running instances reached (1)
INFO:apscheduler.scheduler:Job "job_function (trigger: interval[0:00:02], next run at: 2014-01-18 16:10:18.444777)" executed successfully
INFO:apscheduler.scheduler:Running job "job_function (trigger: interval[0:00:02], next run at: 2014-01-18 16:10:18.444777)" (scheduled at 2014-01-18 16:10:18.444777)
WARNING:apscheduler.scheduler:Execution of job "job_function (trigger: interval[0:00:02], next run at: 2014-01-18 16:10:20.444777)" skipped: maximum number of running instances reached (1)
WARNING:apscheduler.scheduler:Execution of job "job_function (trigger: interval[0:00:02], next run at: 2014-01-18 16:10:24.444777)" skipped: maximum number of running instances reached (1)
INFO:apscheduler.scheduler:Job "job_function (trigger: interval[0:00:02], next run at: 2014-01-18 16:10:24.444777)" executed successfully
INFO:apscheduler.scheduler:Running job "job_function (trigger: interval[0:00:02], next run at: 2014-01-18 16:10:24.444777)" (scheduled at 2014-01-18 16:10:24.444777)
INFO:root:Shutting down thread pool
