INFO:root:Start logging -------------------------------------------- 2016-06-28 22:25:05
INFO:root:This is a sample INFO message
WARNING:root:This is a sample WARNING message
ERROR:root:This is a sample ERROR message
INFO:apscheduler.scheduler:Added job "heartbeat" to job store "default"
INFO:apscheduler.scheduler:Added job "tempsensor1" to job store "default"
INFO:apscheduler.scheduler:Added job "humidsensor" to job store "default"
INFO:apscheduler.scheduler:Added job "pressuresensor" to job store "default"
INFO:apscheduler.scheduler:Added job "hygropass" to job store "default"
INFO:apscheduler.scheduler:Added job "hygroampl" to job store "default"
INFO:apscheduler.scheduler:Added job "lightsensor" to job store "default"
INFO:apscheduler.scheduler:Added job "photo" to job store "default"
INFO:apscheduler.scheduler:Added job "mail1" to job store "default"
INFO:apscheduler.scheduler:Added job "mail2" to job store "default"
INFO:apscheduler.scheduler:Added job "water1" to job store "default"
INFO:apscheduler.scheduler:Added job "water1" to job store "default"
INFO:apscheduler.scheduler:Added job "water1" to job store "default"
INFO:apscheduler.scheduler:Added job "water1" to job store "default"
INFO:apscheduler.scheduler:Added job "water1" to job store "default"
INFO:apscheduler.scheduler:Added job "water2" to job store "default"
INFO:apscheduler.scheduler:Added job "water2" to job store "default"
INFO:werkzeug:127.0.0.1 - - [28/Jun/2016 22:25:05] "POST /wateringplan/ HTTP/1.1" 200 -
WARNING:apscheduler.executors.default:Run time of job "water2 (trigger: date[2016-06-28 04:00:00 CEST], next run at: 2016-06-28 04:00:00 CEST)" was missed by 18:25:05.113136
INFO:apscheduler.scheduler:Removed job 59b6fb35a3d14189baccc1db7aa28fd5
WARNING:apscheduler.executors.default:Run time of job "water1 (trigger: date[2016-06-28 06:00:00 CEST], next run at: 2016-06-28 06:00:00 CEST)" was missed by 16:25:05.113769
INFO:apscheduler.scheduler:Removed job 4ffa8978d0634518a371dc84d0a1e56e
WARNING:apscheduler.executors.default:Run time of job "photo (trigger: date[2016-06-28 07:35:00 CEST], next run at: 2016-06-28 07:35:00 CEST)" was missed by 14:50:05.114321
INFO:apscheduler.scheduler:Removed job cd7bb48e4b324fcebc4d733e7ace5056
WARNING:apscheduler.executors.default:Run time of job "mail1 (trigger: date[2016-06-28 08:00:00 CEST], next run at: 2016-06-28 08:00:00 CEST)" was missed by 14:25:05.115120
INFO:apscheduler.scheduler:Removed job 65409b88e2b54246bd16968146631af6
WARNING:apscheduler.executors.default:Run time of job "mail2 (trigger: date[2016-06-28 08:00:00 CEST], next run at: 2016-06-28 08:00:00 CEST)" was missed by 14:25:05.115790
INFO:apscheduler.scheduler:Removed job d8b02aee6a96475d8ece312b9dc7656d
WARNING:apscheduler.executors.default:Run time of job "water1 (trigger: date[2016-06-28 10:00:00 CEST], next run at: 2016-06-28 10:00:00 CEST)" was missed by 12:25:05.116352
INFO:apscheduler.scheduler:Removed job fdaaec01dc094cd78897bf10c01b867e
WARNING:apscheduler.executors.default:Run time of job "water2 (trigger: date[2016-06-28 12:00:00 CEST], next run at: 2016-06-28 12:00:00 CEST)" was missed by 10:25:05.116894
INFO:apscheduler.scheduler:Removed job 70e0818a397b49e297f9d9d6e3302972
WARNING:apscheduler.executors.default:Run time of job "water1 (trigger: date[2016-06-28 12:00:00 CEST], next run at: 2016-06-28 12:00:00 CEST)" was missed by 10:25:05.121657
INFO:apscheduler.scheduler:Removed job a8491ab2b50240d0a7600073e1dddd57
WARNING:apscheduler.executors.default:Run time of job "water1 (trigger: date[2016-06-28 16:00:00 CEST], next run at: 2016-06-28 16:00:00 CEST)" was missed by 6:25:05.122837
INFO:apscheduler.scheduler:Removed job 0cd9790421d64bbaabbbdda228259905
WARNING:apscheduler.executors.default:Run time of job "water1 (trigger: date[2016-06-28 20:00:00 CEST], next run at: 2016-06-28 20:00:00 CEST)" was missed by 2:25:05.124042
INFO:apscheduler.scheduler:Removed job c16ca07d3cc54bb6ac1cd4f014021ec7
INFO:apscheduler.executors.default:Running job "pressuresensor (trigger: interval[0:15:00], next run at: 2016-06-28 22:25:07 CEST)" (scheduled at 2016-06-28 22:25:07.092847+02:00)
INFO:apscheduler.executors.default:Running job "hygropass (trigger: interval[0:15:00], next run at: 2016-06-28 22:25:07 CEST)" (scheduled at 2016-06-28 22:25:07.093386+02:00)
INFO:root:Read sensor data: pressuresensor - 2016-06-28 22:25:07
INFO:apscheduler.executors.default:Running job "hygroampl (trigger: interval[0:15:00], next run at: 2016-06-28 22:40:07 CEST)" (scheduled at 2016-06-28 22:25:07.093920+02:00)
INFO:apscheduler.executors.default:Running job "lightsensor (trigger: interval[0:15:00], next run at: 2016-06-28 22:40:07 CEST)" (scheduled at 2016-06-28 22:25:07.094455+02:00)
INFO:root:Read sensor data: hygropass - 2016-06-28 22:25:07
INFO:root:Read sensor data: hygroampl - 2016-06-28 22:25:07
INFO:root:Read sensor data: lightsensor - 2016-06-28 22:25:07
INFO:apscheduler.executors.default:Job "pressuresensor (trigger: interval[0:15:00], next run at: 2016-06-28 22:40:07 CEST)" executed successfully
INFO:apscheduler.executors.default:Job "hygropass (trigger: interval[0:15:00], next run at: 2016-06-28 22:40:07 CEST)" executed successfully
INFO:apscheduler.executors.default:Job "hygroampl (trigger: interval[0:15:00], next run at: 2016-06-28 22:40:07 CEST)" executed successfully
INFO:apscheduler.executors.default:Job "lightsensor (trigger: interval[0:15:00], next run at: 2016-06-28 22:40:07 CEST)" executed successfully
INFO:werkzeug:127.0.0.1 - - [28/Jun/2016 22:25:07] "GET /fertilizerplan/ HTTP/1.1" 200 -
INFO:apscheduler.executors.default:Running job "humidsensor (trigger: interval[0:15:00], next run at: 2016-06-28 22:25:09 CEST)" (scheduled at 2016-06-28 22:25:09.092267+02:00)
INFO:root:Read sensor data: humidsensor - 2016-06-28 22:25:09
INFO:apscheduler.executors.default:Job "humidsensor (trigger: interval[0:15:00], next run at: 2016-06-28 22:25:09 CEST)" executed successfully
INFO:apscheduler.scheduler:Removed job ea55bc86ea8d4d488bbb9057a94d2676
INFO:apscheduler.scheduler:Removed job c5ba6c15a98845da92e8feb0213b5725
INFO:apscheduler.scheduler:Removed job 869632dd1197449aa6142085b49b4cf3
INFO:apscheduler.scheduler:Removed job 230d09f7d3384b638d1eb426024f491c
INFO:apscheduler.scheduler:Removed job 72384d00042540ffa37f5344dc6aa4be
INFO:apscheduler.scheduler:Removed job 5f6e2a8117af42989bc5429dfcb72909
INFO:apscheduler.scheduler:Removed job b5211ba75998423781f264ba7afee1fa
INFO:apscheduler.scheduler:Removed job de14319362994ec7bc1bdf23a5763552
INFO:apscheduler.scheduler:Added job "master" to job store "default"
