INFO:root:Start logging -------------------------------------------- 2016-06-28 22:22:30
INFO:root:This is a sample INFO message
WARNING:root:This is a sample WARNING message
ERROR:root:This is a sample ERROR message
INFO:apscheduler.scheduler:Added job "heartbeat" to job store "default"
INFO:apscheduler.scheduler:Added job "tempsensor1" to job store "default"
INFO:apscheduler.scheduler:Added job "humidsensor" to job store "default"
INFO:apscheduler.scheduler:Added job "pressuresensor" to job store "default"
INFO:apscheduler.scheduler:Added job "hygropass" to job store "default"
INFO:apscheduler.scheduler:Added job "hygroampl" to job store "default"
INFO:apscheduler.scheduler:Added job "lightsensor" to job store "default"
INFO:apscheduler.scheduler:Added job "photo" to job store "default"
INFO:apscheduler.scheduler:Added job "mail1" to job store "default"
INFO:apscheduler.scheduler:Added job "mail2" to job store "default"
INFO:apscheduler.scheduler:Added job "water1" to job store "default"
INFO:apscheduler.scheduler:Added job "water1" to job store "default"
INFO:apscheduler.scheduler:Added job "water1" to job store "default"
INFO:apscheduler.scheduler:Added job "water1" to job store "default"
INFO:apscheduler.scheduler:Added job "water1" to job store "default"
INFO:apscheduler.scheduler:Added job "water2" to job store "default"
INFO:apscheduler.scheduler:Added job "water2" to job store "default"
INFO:werkzeug:127.0.0.1 - - [28/Jun/2016 22:22:30] "POST /wateringplan/ HTTP/1.1" 200 -
WARNING:apscheduler.executors.default:Run time of job "water2 (trigger: date[2016-06-28 04:00:00 CEST], next run at: 2016-06-28 04:00:00 CEST)" was missed by 18:22:30.902992
INFO:apscheduler.scheduler:Removed job 1e9160c32e4d41a59c18efd13bf960af
WARNING:apscheduler.executors.default:Run time of job "water1 (trigger: date[2016-06-28 06:00:00 CEST], next run at: 2016-06-28 06:00:00 CEST)" was missed by 16:22:30.903538
INFO:apscheduler.scheduler:Removed job 465f2644e07f4558986c3f1e46d8680d
WARNING:apscheduler.executors.default:Run time of job "photo (trigger: date[2016-06-28 07:35:00 CEST], next run at: 2016-06-28 07:35:00 CEST)" was missed by 14:47:30.903995
INFO:apscheduler.scheduler:Removed job c66c4b609bb44a6cb0b413356eef3745
WARNING:apscheduler.executors.default:Run time of job "mail2 (trigger: date[2016-06-28 08:00:00 CEST], next run at: 2016-06-28 08:00:00 CEST)" was missed by 14:22:30.904428
INFO:apscheduler.scheduler:Removed job 408dd0f4daaa4115bd0730e5cd7f69c4
WARNING:apscheduler.executors.default:Run time of job "mail1 (trigger: date[2016-06-28 08:00:00 CEST], next run at: 2016-06-28 08:00:00 CEST)" was missed by 14:22:30.905275
INFO:apscheduler.scheduler:Removed job 4d7535c289454fd0b216b4f86e9611c3
WARNING:apscheduler.executors.default:Run time of job "water1 (trigger: date[2016-06-28 10:00:00 CEST], next run at: 2016-06-28 10:00:00 CEST)" was missed by 12:22:30.905865
INFO:apscheduler.scheduler:Removed job 0656d5d80d3f47468d4365f762b1198f
WARNING:apscheduler.executors.default:Run time of job "water2 (trigger: date[2016-06-28 12:00:00 CEST], next run at: 2016-06-28 12:00:00 CEST)" was missed by 10:22:30.906468
INFO:apscheduler.scheduler:Removed job 527495816b0345e69e419c35a0ce57b8
WARNING:apscheduler.executors.default:Run time of job "water1 (trigger: date[2016-06-28 12:00:00 CEST], next run at: 2016-06-28 12:00:00 CEST)" was missed by 10:22:30.906975
INFO:apscheduler.scheduler:Removed job 962989aa64e6401791b453defe1b2512
WARNING:apscheduler.executors.default:Run time of job "water1 (trigger: date[2016-06-28 16:00:00 CEST], next run at: 2016-06-28 16:00:00 CEST)" was missed by 6:22:30.907412
INFO:apscheduler.scheduler:Removed job 0ee9fc0ee1e3482fab9d5986804e29c9
WARNING:apscheduler.executors.default:Run time of job "water1 (trigger: date[2016-06-28 20:00:00 CEST], next run at: 2016-06-28 20:00:00 CEST)" was missed by 2:22:30.907869
INFO:apscheduler.scheduler:Removed job ed3c4db8c23544a6a5fbab4cf573a0bb
INFO:apscheduler.executors.default:Running job "pressuresensor (trigger: interval[0:15:00], next run at: 2016-06-28 22:22:32 CEST)" (scheduled at 2016-06-28 22:22:32.883155+02:00)
INFO:root:Read sensor data: pressuresensor - 2016-06-28 22:22:32
INFO:apscheduler.executors.default:Running job "hygropass (trigger: interval[0:15:00], next run at: 2016-06-28 22:22:32 CEST)" (scheduled at 2016-06-28 22:22:32.883767+02:00)
INFO:apscheduler.executors.default:Running job "hygroampl (trigger: interval[0:15:00], next run at: 2016-06-28 22:22:32 CEST)" (scheduled at 2016-06-28 22:22:32.884322+02:00)
INFO:root:Read sensor data: hygropass - 2016-06-28 22:22:32
INFO:root:Read sensor data: hygroampl - 2016-06-28 22:22:32
INFO:apscheduler.executors.default:Running job "lightsensor (trigger: interval[0:15:00], next run at: 2016-06-28 22:22:32 CEST)" (scheduled at 2016-06-28 22:22:32.885259+02:00)
INFO:apscheduler.executors.default:Job "pressuresensor (trigger: interval[0:15:00], next run at: 2016-06-28 22:37:32 CEST)" executed successfully
INFO:apscheduler.executors.default:Job "hygropass (trigger: interval[0:15:00], next run at: 2016-06-28 22:37:32 CEST)" executed successfully
INFO:root:Read sensor data: lightsensor - 2016-06-28 22:22:32
INFO:apscheduler.executors.default:Job "hygroampl (trigger: interval[0:15:00], next run at: 2016-06-28 22:37:32 CEST)" executed successfully
INFO:apscheduler.executors.default:Job "lightsensor (trigger: interval[0:15:00], next run at: 2016-06-28 22:37:32 CEST)" executed successfully
INFO:apscheduler.executors.default:Running job "humidsensor (trigger: interval[0:15:00], next run at: 2016-06-28 22:22:34 CEST)" (scheduled at 2016-06-28 22:22:34.882619+02:00)
INFO:root:Read sensor data: humidsensor - 2016-06-28 22:22:34
INFO:apscheduler.executors.default:Job "humidsensor (trigger: interval[0:15:00], next run at: 2016-06-28 22:22:34 CEST)" executed successfully
INFO:apscheduler.executors.default:Running job "tempsensor1 (trigger: interval[0:15:00], next run at: 2016-06-28 22:22:36 CEST)" (scheduled at 2016-06-28 22:22:36.882219+02:00)
INFO:root:Read sensor data: tempsensor1 - 2016-06-28 22:22:36
INFO:apscheduler.executors.default:Job "tempsensor1 (trigger: interval[0:15:00], next run at: 2016-06-28 22:37:36 CEST)" executed successfully
INFO:werkzeug:127.0.0.1 - - [28/Jun/2016 22:22:40] "GET /HardwareSetting/ HTTP/1.1" 200 -
